<?xml version='1.0' encoding='UTF-8'?>
<testsuite hostname="Darsh" name="recfun.RecFunSuite" tests="11" errors="0" failures="0" skipped="0" time="0.547" timestamp="2020-05-04T18:17:50">
                     <properties>
[...]
</properties>
                     <testcase classname="recfun.RecFunSuite" name="countChange: sorted CHF" time="0.234">
                                                 
                                               </testcase><testcase classname="recfun.RecFunSuite" name="countChange: unsorted CHF" time="0.016">
                                                 
                                               </testcase><testcase classname="recfun.RecFunSuite" name="countChange: example given in instructions" time="0.0">
                                                 
                                               </testcase><testcase classname="recfun.RecFunSuite" name="balance: counting is not enough" time="0.265">
                                                 
                                               </testcase><testcase classname="recfun.RecFunSuite" name="pascal: col=1,row=2" time="0.0">
                                                 
                                               </testcase><testcase classname="recfun.RecFunSuite" name="pascal: col=1,row=3" time="0.016">
                                                 
                                               </testcase><testcase classname="recfun.RecFunSuite" name="balance: ':-)' is unbalanced" time="0.0">
                                                 
                                               </testcase><testcase classname="recfun.RecFunSuite" name="pascal: col=0,row=2" time="0.0">
                                                 
                                               </testcase><testcase classname="recfun.RecFunSuite" name="balance: '(if (zero? x) max (/ 1 x))' is balanced" time="0.0">
                                                 
                                               </testcase><testcase classname="recfun.RecFunSuite" name="countChange: no pennies" time="0.016">
                                                 
                                               </testcase><testcase classname="recfun.RecFunSuite" name="' is balanced" time="0.0">
                                                 
                                               </testcase>
                     <system-out><![CDATA[]]></system-out>
                     <system-err><![CDATA[]]></system-err>
                   </testsuite>